                                                                                                                        
>>>>>>>>>>>>>>>>>>>>>>>>>>>>>>>>>>>>>>>>>>>>>>>>>>>>>>>>>>>>>>>>>>>>>>>>>>>>>>>>>>>>>>>>>>>>>>>>>>>>>>>>>>>>>>>>>>>>>>>>
2024-04-26 08:45:15,002 - INFO - START precision_oncology =============================================
2024-04-26 08:45:15,002 - INFO - START precision_oncology Start Time = 2024-04-26 08:45:15
2024-04-26 08:45:15,002 - INFO - precision_oncology Step 0 - Initialize the configuration file parser
2024-04-26 08:45:15,003 - INFO - Process precision_oncology Step 0 - Initializing and starting Logging Process.
2024-04-26 08:45:15,016 - INFO - PERFORMANCE precision_oncology The total process duration was:0.01
2024-04-26 08:45:15,016 - INFO - PERFORMANCE precision_oncology Stop Time = 2024-04-26 08:45:15
2024-04-26 08:45:15,017 - INFO - PERFORMANCE precision_oncology Short process duration less than 3 Seconds:0.01
2024-04-26 08:45:15,017 - INFO - PERFORMANCE precision_oncology Performance optimization is not reccomended
2024-04-26 08:45:15,017 - INFO - END precision_oncology =============================================

<<<<<<<<<<<<<<<<<<<<<<<<<<<<<<<<<<<<<<<<<<<<<<<<<<<<<<<<<<<<<<<<<<<<<<<<<<<<<<<<<<<<<<<<<<<<<<<<<<<<<<<<<<<<<<<<<<<<<<<<
                                                                                                                        
                                                                                                                        
>>>>>>>>>>>>>>>>>>>>>>>>>>>>>>>>>>>>>>>>>>>>>>>>>>>>>>>>>>>>>>>>>>>>>>>>>>>>>>>>>>>>>>>>>>>>>>>>>>>>>>>>>>>>>>>>>>>>>>>>
2024-04-26 08:46:33,843 - INFO - START precision_oncology =============================================
2024-04-26 08:46:33,844 - INFO - START precision_oncology Start Time = 2024-04-26 08:46:33
2024-04-26 08:46:33,844 - INFO - precision_oncology Step 0 - Initialize the configuration file parser
2024-04-26 08:46:33,844 - INFO - Process precision_oncology Step 0 - Initializing and starting Logging Process.
2024-04-26 08:46:33,858 - INFO - PERFORMANCE precision_oncology The total process duration was:0.01
2024-04-26 08:46:33,859 - INFO - PERFORMANCE precision_oncology Stop Time = 2024-04-26 08:46:33
2024-04-26 08:46:33,859 - INFO - PERFORMANCE precision_oncology Short process duration less than 3 Seconds:0.01
2024-04-26 08:46:33,859 - INFO - PERFORMANCE precision_oncology Performance optimization is not reccomended
2024-04-26 08:46:33,859 - INFO - END precision_oncology =============================================

<<<<<<<<<<<<<<<<<<<<<<<<<<<<<<<<<<<<<<<<<<<<<<<<<<<<<<<<<<<<<<<<<<<<<<<<<<<<<<<<<<<<<<<<<<<<<<<<<<<<<<<<<<<<<<<<<<<<<<<<
                                                                                                                        
                                                                                                                        
>>>>>>>>>>>>>>>>>>>>>>>>>>>>>>>>>>>>>>>>>>>>>>>>>>>>>>>>>>>>>>>>>>>>>>>>>>>>>>>>>>>>>>>>>>>>>>>>>>>>>>>>>>>>>>>>>>>>>>>>
2024-04-26 08:51:22,741 - INFO - START precision_oncology =============================================
2024-04-26 08:51:22,741 - INFO - START precision_oncology Start Time = 2024-04-26 08:51:22
2024-04-26 08:51:22,741 - INFO - precision_oncology Step 0 - Initialize the configuration file parser
2024-04-26 08:51:22,741 - INFO - Process precision_oncology Step 0 - Initializing and starting Logging Process.
2024-04-26 08:51:22,770 - INFO - PERFORMANCE precision_oncology The total process duration was:0.03
2024-04-26 08:51:22,770 - INFO - PERFORMANCE precision_oncology Stop Time = 2024-04-26 08:51:22
2024-04-26 08:51:22,770 - INFO - PERFORMANCE precision_oncology Short process duration less than 3 Seconds:0.03
2024-04-26 08:51:22,770 - INFO - PERFORMANCE precision_oncology Performance optimization is not reccomended
2024-04-26 08:51:22,771 - INFO - END precision_oncology =============================================

<<<<<<<<<<<<<<<<<<<<<<<<<<<<<<<<<<<<<<<<<<<<<<<<<<<<<<<<<<<<<<<<<<<<<<<<<<<<<<<<<<<<<<<<<<<<<<<<<<<<<<<<<<<<<<<<<<<<<<<<
                                                                                                                        
                                                                                                                        
>>>>>>>>>>>>>>>>>>>>>>>>>>>>>>>>>>>>>>>>>>>>>>>>>>>>>>>>>>>>>>>>>>>>>>>>>>>>>>>>>>>>>>>>>>>>>>>>>>>>>>>>>>>>>>>>>>>>>>>>
2024-04-26 09:03:59,040 - INFO - START precision_oncology =============================================
2024-04-26 09:03:59,040 - INFO - START precision_oncology Start Time = 2024-04-26 09:03:59
2024-04-26 09:03:59,040 - INFO - precision_oncology Step 0 - Initialize the configuration file parser
2024-04-26 09:03:59,041 - INFO - Process precision_oncology Step 0 - Initializing and starting Logging Process.
2024-04-26 09:03:59,085 - INFO - PERFORMANCE precision_oncology The total process duration was:0.04
2024-04-26 09:03:59,085 - INFO - PERFORMANCE precision_oncology Stop Time = 2024-04-26 09:03:59
2024-04-26 09:03:59,085 - INFO - PERFORMANCE precision_oncology Short process duration less than 3 Seconds:0.04
2024-04-26 09:03:59,085 - INFO - PERFORMANCE precision_oncology Performance optimization is not reccomended
2024-04-26 09:03:59,085 - INFO - END precision_oncology =============================================

<<<<<<<<<<<<<<<<<<<<<<<<<<<<<<<<<<<<<<<<<<<<<<<<<<<<<<<<<<<<<<<<<<<<<<<<<<<<<<<<<<<<<<<<<<<<<<<<<<<<<<<<<<<<<<<<<<<<<<<<
                                                                                                                        
